<?xml version="1.0" encoding="UTF-8"?>
<!-- Generated by org.testng.reporters.JUnitReportReporter -->
<testsuite skipped="0" hostname="vasanth-PC" name="tests.TC003_DeleteLead" tests="2" failures="0" timestamp="02 Sep 2018 16:10:39 GMT" time="135.520" errors="0">
  <testcase name="deleteLead" time="68.058" classname="tests.TC003_DeleteLead"/>
  <testcase name="deleteLead" time="67.462" classname="tests.TC003_DeleteLead"/>
</testsuite> <!-- tests.TC003_DeleteLead -->
