<?xml version="1.0" encoding="UTF-8"?>
<!-- Generated by org.testng.reporters.JUnitReportReporter -->
<testsuite skipped="0" hostname="vasanth-PC" name="tests.TC002_EditLead" tests="2" failures="0" timestamp="02 Sep 2018 05:10:26 GMT" time="81.178" errors="0">
  <testcase name="editLead" time="38.291" classname="tests.TC002_EditLead"/>
  <testcase name="editLead" time="42.887" classname="tests.TC002_EditLead"/>
</testsuite> <!-- tests.TC002_EditLead -->
